<?xml version="1.0" encoding="UTF-8"?>
<!-- Generated by org.testng.reporters.JUnitReportReporter -->
<testsuite hostname="IN-CB3MXD3" failures="0" tests="1" name="com.shubham_automaton_V1.testCases.Assignment1" time="25.808" errors="0" timestamp="2023-01-12T01:41:48 IST" skipped="0">
  <testcase classname="com.shubham_automaton_V1.testCases.Assignment1" name="amazonLoginAndAddingProductToCart" time="25.808"/>
  <system-out/>
</testsuite> <!-- com.shubham_automaton_V1.testCases.Assignment1 -->
